[2022-10-15 19:11:06] lumen.ERROR: Symfony\Component\Debug\Exception\FatalThrowableError: Class 'Memcached' not found in C:\Users\kuken\Downloads\trip-calculator\vendor\illuminate\cache\MemcachedConnector.php:69
Stack trace:
#0 C:\Users\kuken\Downloads\trip-calculator\vendor\illuminate\cache\MemcachedConnector.php(48): Illuminate\Cache\MemcachedConnector->createMemcachedInstance(NULL)
#1 C:\Users\kuken\Downloads\trip-calculator\vendor\illuminate\cache\MemcachedConnector.php(21): Illuminate\Cache\MemcachedConnector->getMemcached(NULL, Array, Array)
#2 C:\Users\kuken\Downloads\trip-calculator\vendor\illuminate\cache\CacheManager.php(172): Illuminate\Cache\MemcachedConnector->connect(Array, NULL, Array, Array)
#3 C:\Users\kuken\Downloads\trip-calculator\vendor\illuminate\cache\CacheManager.php(106): Illuminate\Cache\CacheManager->createMemcachedDriver(Array)
#4 C:\Users\kuken\Downloads\trip-calculator\vendor\illuminate\cache\CacheManager.php(81): Illuminate\Cache\CacheManager->resolve('memcached')
#5 C:\Users\kuken\Downloads\trip-calculator\vendor\illuminate\cache\CacheManager.php(59): Illuminate\Cache\CacheManager->get('memcached')
#6 C:\Users\kuken\Downloads\trip-calculator\vendor\illuminate\cache\CacheManager.php(70): Illuminate\Cache\CacheManager->store('memcached')
#7 C:\Users\kuken\Downloads\trip-calculator\vendor\illuminate\cache\CacheServiceProvider.php(28): Illuminate\Cache\CacheManager->driver()
#8 C:\Users\kuken\Downloads\trip-calculator\vendor\illuminate\container\Container.php(726): Illuminate\Cache\CacheServiceProvider->Illuminate\Cache\{closure}(Object(Laravel\Lumen\Application), Array)
#9 C:\Users\kuken\Downloads\trip-calculator\vendor\illuminate\container\Container.php(608): Illuminate\Container\Container->build(Object(Closure))
#10 C:\Users\kuken\Downloads\trip-calculator\vendor\illuminate\container\Container.php(575): Illuminate\Container\Container->resolve('cache.store')
#11 C:\Users\kuken\Downloads\trip-calculator\vendor\laravel\lumen-framework\src\Application.php(210): Illuminate\Container\Container->make('cache.store')
#12 C:\Users\kuken\Downloads\trip-calculator\vendor\illuminate\container\Container.php(1172): Laravel\Lumen\Application->make('cache.store')
#13 C:\Users\kuken\Downloads\trip-calculator\vendor\laravel\lumen-framework\src\Console\Kernel.php(68): Illuminate\Container\Container->offsetGet('Illuminate\\Cont...')
#14 C:\Users\kuken\Downloads\trip-calculator\vendor\laravel\lumen-framework\src\Console\Kernel.php(57): Laravel\Lumen\Console\Kernel->defineConsoleSchedule()
#15 [internal function]: Laravel\Lumen\Console\Kernel->__construct(Object(Laravel\Lumen\Application))
#16 C:\Users\kuken\Downloads\trip-calculator\vendor\illuminate\container\Container.php(762): ReflectionClass->newInstanceArgs(Array)
#17 C:\Users\kuken\Downloads\trip-calculator\vendor\illuminate\container\Container.php(608): Illuminate\Container\Container->build('Laravel\\Lumen\\C...')
#18 C:\Users\kuken\Downloads\trip-calculator\vendor\illuminate\container\Container.php(564): Illuminate\Container\Container->resolve('Laravel\\Lumen\\C...', Array)
#19 C:\Users\kuken\Downloads\trip-calculator\vendor\illuminate\container\Container.php(248): Illuminate\Container\Container->makeWith('Laravel\\Lumen\\C...', Array)
#20 C:\Users\kuken\Downloads\trip-calculator\vendor\illuminate\container\Container.php(726): Illuminate\Container\Container->Illuminate\Container\{closure}(Object(Laravel\Lumen\Application), Array)
#21 C:\Users\kuken\Downloads\trip-calculator\vendor\illuminate\container\Container.php(608): Illuminate\Container\Container->build(Object(Closure))
#22 C:\Users\kuken\Downloads\trip-calculator\vendor\illuminate\container\Container.php(575): Illuminate\Container\Container->resolve('Illuminate\\Cont...')
#23 C:\Users\kuken\Downloads\trip-calculator\vendor\laravel\lumen-framework\src\Application.php(210): Illuminate\Container\Container->make('Illuminate\\Cont...')
#24 C:\Users\kuken\Downloads\trip-calculator\artisan(32): Laravel\Lumen\Application->make('Illuminate\\Cont...')
#25 {main}  
